---- Graph ----
O O O O X O O O
O O O O O O O O
O X O O O X O O
O O O O O O X O
O O O O O O O O
O X O O O O O O
X O O O X O O O
O O O O O O X O
searching at deep 1
duration: 0.001902
searching at deep 2
duration: 0.014352
searching at deep 3
duration: 0.134936
searching at deep 4
duration: 1.147567
searching at deep 5
duration: 7.262025
searching at deep 6
---- Found ----
O O O O O X O O
O O X O O O O O
O O O O X O O O
O O O O O O O X
X O O O O O O O
O O O X O O O O
O X O O O O O O
O O O O O O X O
--- Changes ---
( 0 , -1 )
( 1 , -1 )
( 0 , 1 )
( 0 , -1 )
( 1 , 1 )
( 0 , -1 )
( 1 , 1 )
( 0 , 0 )
duration: 25.420525
-- Durations --
deep 1 -> 0.0
deep 2 -> 0.001902
deep 3 -> 0.014352
deep 4 -> 0.134936
deep 5 -> 1.147567
deep 6 -> 7.262025
deep 7 -> 25.420525
deep 8 -> 0.0
sum -> 33.981307
