---- Graph ----
O O O O X O O O
O O O O O O O O
O X O O O X O O
O O O O O O X O
O O O O O O O O
O X O O O X O O
X O O O X O O O
O O O O O O O O
searching at deep 1
duration: 0.001648
searching at deep 2
duration: 0.013685
searching at deep 3
duration: 0.128131
searching at deep 4
duration: 1.198635
searching at deep 5
duration: 11.306841
searching at deep 6
---- Found ----
O O O X O O O O
O O O O O X O O
O O O O O O O X
O O X O O O O O
X O O O O O O O
O O O O O O X O
O O O O X O O O
O X O O O O O O
--- Changes ---
( 0 , 1 )
( -1 , -1 )
( 1 , 0 )
( 1 , -1 )
( 1 , 1 )
( 0 , -1 )
( -1 , -1 )
( 0 , 0 )
duration: 27.468066
-- Durations --
deep 1 -> 0.0
deep 2 -> 0.001648
deep 3 -> 0.013685
deep 4 -> 0.128131
deep 5 -> 1.198635
deep 6 -> 11.306841
deep 7 -> 27.468066
deep 8 -> 0.0
sum -> 40.117006
