---- Graph ----
O O O O X O O O
O O O O O O O O
O X O O O X O O
O O O O O O X O
O O O O O O O O
O X O O O X O O
X O O O X O O O
O O O O O O O O
initial threats: 9
move: 1 threats: 7 cost: 15
move: 2 threats: 5 cost: 12
move: 3 threats: 3 cost: 9
move: 4 threats: 2 cost: 8
move: 3 threats: 3 cost: 9
move: 4 threats: 2 cost: 8
move: 5 threats: 2 cost: 9
move: 5 threats: 2 cost: 9
move: 5 threats: 2 cost: 9
move: 6 threats: 1 cost: 8
move: 5 threats: 2 cost: 9
move: 5 threats: 2 cost: 9
move: 5 threats: 2 cost: 9
move: 5 threats: 2 cost: 9
move: 5 threats: 2 cost: 9
move: 7 threats: 1 cost: 9
move: 7 threats: 1 cost: 9
move: 4 threats: 3 cost: 10
move: 5 threats: 2 cost: 9
move: 4 threats: 3 cost: 10
move: 5 threats: 2 cost: 9
move: 6 threats: 1 cost: 8
move: 4 threats: 3 cost: 10
move: 5 threats: 2 cost: 9
move: 5 threats: 2 cost: 9
move: 6 threats: 1 cost: 8
move: 7 threats: 1 cost: 9
move: 7 threats: 1 cost: 9
move: 4 threats: 3 cost: 10
move: 5 threats: 2 cost: 9
move: 5 threats: 2 cost: 9
move: 4 threats: 3 cost: 10
move: 5 threats: 2 cost: 9
move: 6 threats: 1 cost: 8
move: 6 threats: 1 cost: 8
move: 7 threats: 1 cost: 9
move: 7 threats: 1 cost: 9
move: 7 threats: 1 cost: 9
move: 7 threats: 1 cost: 9
move: 4 threats: 3 cost: 10
move: 5 threats: 2 cost: 9
move: 5 threats: 2 cost: 9
move: 4 threats: 3 cost: 10
move: 5 threats: 2 cost: 9
move: 5 threats: 2 cost: 9
move: 4 threats: 3 cost: 10
move: 4 threats: 3 cost: 10
move: 4 threats: 3 cost: 10
move: 5 threats: 2 cost: 9
move: 6 threats: 1 cost: 8
move: 6 threats: 1 cost: 8
move: 7 threats: 1 cost: 9
move: 7 threats: 1 cost: 9
move: 7 threats: 1 cost: 9
move: 7 threats: 1 cost: 9
move: 7 threats: 1 cost: 9
move: 4 threats: 3 cost: 10
move: 5 threats: 2 cost: 9
move: 5 threats: 2 cost: 9
move: 4 threats: 3 cost: 10
move: 5 threats: 2 cost: 9
move: 4 threats: 3 cost: 10
move: 5 threats: 2 cost: 9
move: 5 threats: 2 cost: 9
move: 4 threats: 3 cost: 10
move: 5 threats: 1 cost: 7
move: 6 threats: 1 cost: 8
move: 6 threats: 1 cost: 8
move: 5 threats: 2 cost: 9
move: 5 threats: 2 cost: 9
move: 7 threats: 1 cost: 9
move: 7 threats: 1 cost: 9
move: 4 threats: 3 cost: 10
move: 4 threats: 3 cost: 10
move: 5 threats: 2 cost: 9
move: 5 threats: 2 cost: 9
move: 5 threats: 2 cost: 9
move: 6 threats: 2 cost: 10
move: 6 threats: 2 cost: 10
move: 6 threats: 2 cost: 10
move: 6 threats: 2 cost: 10
move: 6 threats: 2 cost: 10
move: 6 threats: 2 cost: 10
move: 6 threats: 2 cost: 10
move: 6 threats: 2 cost: 10
move: 6 threats: 2 cost: 10
move: 6 threats: 2 cost: 10
move: 6 threats: 2 cost: 10
move: 6 threats: 2 cost: 10
move: 6 threats: 2 cost: 10
move: 6 threats: 2 cost: 10
move: 6 threats: 2 cost: 10
move: 6 threats: 2 cost: 10
move: 6 threats: 2 cost: 10
move: 6 threats: 2 cost: 10
move: 6 threats: 2 cost: 10
move: 7 threats: 1 cost: 9
move: 7 threats: 1 cost: 9
move: 6 threats: 2 cost: 10
move: 6 threats: 2 cost: 10
move: 6 threats: 2 cost: 10
move: 6 threats: 2 cost: 10
move: 6 threats: 2 cost: 10
move: 6 threats: 2 cost: 10
move: 6 threats: 2 cost: 10
move: 6 threats: 2 cost: 10
move: 6 threats: 2 cost: 10
move: 6 threats: 2 cost: 10
move: 8 threats: 1 cost: 10
move: 8 threats: 1 cost: 10
move: 8 threats: 1 cost: 10
move: 8 threats: 1 cost: 10
move: 6 threats: 2 cost: 10
move: 6 threats: 2 cost: 10
move: 6 threats: 2 cost: 10
move: 6 threats: 2 cost: 10
move: 7 threats: 1 cost: 9
move: 6 threats: 2 cost: 10
move: 7 threats: 1 cost: 9
move: 6 threats: 2 cost: 10
move: 6 threats: 2 cost: 10
move: 6 threats: 2 cost: 10
move: 6 threats: 2 cost: 10
move: 7 threats: 1 cost: 9
move: 6 threats: 2 cost: 10
move: 6 threats: 2 cost: 10
move: 6 threats: 2 cost: 10
move: 6 threats: 2 cost: 10
move: 6 threats: 2 cost: 10
move: 6 threats: 2 cost: 10
move: 7 threats: 1 cost: 9
move: 6 threats: 2 cost: 10
move: 8 threats: 1 cost: 10
move: 8 threats: 1 cost: 10
move: 8 threats: 1 cost: 10
move: 8 threats: 1 cost: 10
move: 6 threats: 2 cost: 10
move: 6 threats: 2 cost: 10
move: 6 threats: 2 cost: 10
move: 6 threats: 2 cost: 10
move: 6 threats: 2 cost: 10
move: 6 threats: 2 cost: 10
move: 6 threats: 2 cost: 10
move: 6 threats: 2 cost: 10
move: 6 threats: 2 cost: 10
move: 6 threats: 2 cost: 10
move: 8 threats: 1 cost: 10
move: 8 threats: 1 cost: 10
move: 8 threats: 1 cost: 10
move: 8 threats: 1 cost: 10
move: 8 threats: 1 cost: 10
move: 8 threats: 1 cost: 10
move: 8 threats: 1 cost: 10
move: 8 threats: 1 cost: 10
move: 8 threats: 1 cost: 10
move: 8 threats: 1 cost: 10
move: 6 threats: 2 cost: 10
move: 7 threats: 1 cost: 9
move: 6 threats: 2 cost: 10
move: 7 threats: 1 cost: 9
move: 6 threats: 2 cost: 10
move: 6 threats: 2 cost: 10
move: 6 threats: 2 cost: 10
move: 6 threats: 2 cost: 10
move: 6 threats: 2 cost: 10
move: 6 threats: 2 cost: 10
move: 6 threats: 2 cost: 10
move: 6 threats: 2 cost: 10
move: 6 threats: 2 cost: 10
move: 6 threats: 2 cost: 10
move: 6 threats: 2 cost: 10
move: 6 threats: 2 cost: 10
move: 6 threats: 2 cost: 10
move: 6 threats: 2 cost: 10
move: 6 threats: 2 cost: 10
move: 6 threats: 2 cost: 10
move: 6 threats: 2 cost: 10
move: 6 threats: 2 cost: 10
move: 6 threats: 2 cost: 10
move: 6 threats: 2 cost: 10
move: 6 threats: 2 cost: 10
move: 6 threats: 2 cost: 10
move: 6 threats: 2 cost: 10
move: 6 threats: 2 cost: 10
move: 7 threats: 1 cost: 9
move: 6 threats: 2 cost: 10
move: 6 threats: 2 cost: 10
move: 6 threats: 2 cost: 10
move: 6 threats: 2 cost: 10
move: 6 threats: 2 cost: 10
move: 6 threats: 2 cost: 10
move: 6 threats: 2 cost: 10
move: 6 threats: 2 cost: 10
move: 6 threats: 2 cost: 10
move: 6 threats: 2 cost: 10
move: 6 threats: 2 cost: 10
move: 6 threats: 2 cost: 10
move: 6 threats: 2 cost: 10
move: 6 threats: 2 cost: 10
move: 6 threats: 2 cost: 10
move: 6 threats: 2 cost: 10
move: 6 threats: 2 cost: 10
move: 6 threats: 2 cost: 10
move: 6 threats: 2 cost: 10
move: 6 threats: 2 cost: 10
move: 6 threats: 2 cost: 10
move: 8 threats: 1 cost: 10
move: 8 threats: 1 cost: 10
move: 8 threats: 1 cost: 10
move: 8 threats: 1 cost: 10
move: 8 threats: 1 cost: 10
move: 8 threats: 1 cost: 10
move: 8 threats: 1 cost: 10
move: 3 threats: 4 cost: 11
move: 4 threats: 2 cost: 8
move: 4 threats: 2 cost: 8
move: 5 threats: 2 cost: 9
move: 5 threats: 2 cost: 9
move: 5 threats: 2 cost: 9
move: 5 threats: 2 cost: 9
move: 5 threats: 2 cost: 9
move: 4 threats: 3 cost: 10
move: 5 threats: 2 cost: 9
move: 4 threats: 3 cost: 10
move: 4 threats: 3 cost: 10
move: 6 threats: 2 cost: 10
move: 6 threats: 2 cost: 10
move: 6 threats: 2 cost: 10
move: 6 threats: 2 cost: 10
move: 6 threats: 2 cost: 10
move: 6 threats: 2 cost: 10
move: 6 threats: 2 cost: 10
move: 6 threats: 2 cost: 10
move: 6 threats: 2 cost: 10
move: 6 threats: 2 cost: 10
move: 6 threats: 2 cost: 10
move: 6 threats: 2 cost: 10
move: 7 threats: 1 cost: 9
move: 6 threats: 2 cost: 10
move: 7 threats: 1 cost: 9
move: 6 threats: 2 cost: 10
move: 6 threats: 2 cost: 10
move: 6 threats: 2 cost: 10
move: 7 threats: 1 cost: 9
move: 6 threats: 2 cost: 10
move: 6 threats: 2 cost: 10
move: 6 threats: 2 cost: 10
move: 3 threats: 4 cost: 11
move: 4 threats: 3 cost: 10
move: 5 threats: 2 cost: 9
move: 4 threats: 3 cost: 10
move: 5 threats: 2 cost: 9
move: 4 threats: 3 cost: 10
move: 6 threats: 2 cost: 10
move: 6 threats: 2 cost: 10
move: 6 threats: 2 cost: 10
move: 3 threats: 4 cost: 11
move: 3 threats: 4 cost: 11
move: 4 threats: 3 cost: 10
move: 5 threats: 2 cost: 9
move: 4 threats: 3 cost: 10
move: 4 threats: 3 cost: 10
move: 4 threats: 3 cost: 10
move: 5 threats: 2 cost: 9
move: 6 threats: 2 cost: 10
move: 6 threats: 2 cost: 10
move: 6 threats: 2 cost: 10
move: 6 threats: 2 cost: 10
move: 5 threats: 3 cost: 11
move: 5 threats: 3 cost: 11
move: 5 threats: 3 cost: 11
move: 5 threats: 3 cost: 11
move: 5 threats: 3 cost: 11
move: 5 threats: 3 cost: 11
move: 5 threats: 3 cost: 11
move: 5 threats: 3 cost: 11
move: 5 threats: 3 cost: 11
move: 5 threats: 3 cost: 11
move: 5 threats: 3 cost: 11
move: 5 threats: 3 cost: 11
move: 6 threats: 2 cost: 10
move: 7 threats: 1 cost: 9
move: 8 threats: 1 cost: 10
move: 5 threats: 3 cost: 11
move: 5 threats: 3 cost: 11
move: 5 threats: 3 cost: 11
move: 5 threats: 3 cost: 11
move: 6 threats: 2 cost: 10
move: 7 threats: 1 cost: 9
move: 8 threats: 1 cost: 10
move: 5 threats: 3 cost: 11
move: 5 threats: 3 cost: 11
move: 5 threats: 3 cost: 11
move: 5 threats: 3 cost: 11
move: 5 threats: 3 cost: 11
move: 7 threats: 2 cost: 11
move: 7 threats: 2 cost: 11
move: 7 threats: 2 cost: 11
move: 7 threats: 2 cost: 11
move: 7 threats: 2 cost: 11
move: 8 threats: 1 cost: 10
move: 7 threats: 2 cost: 11
move: 7 threats: 2 cost: 11
move: 8 threats: 1 cost: 10
move: 7 threats: 2 cost: 11
move: 7 threats: 2 cost: 11
move: 5 threats: 3 cost: 11
move: 5 threats: 3 cost: 11
move: 5 threats: 3 cost: 11
move: 6 threats: 2 cost: 10
move: 5 threats: 3 cost: 11
move: 5 threats: 3 cost: 11
move: 5 threats: 3 cost: 11
move: 5 threats: 3 cost: 11
move: 5 threats: 3 cost: 11
move: 5 threats: 3 cost: 11
move: 7 threats: 2 cost: 11
move: 7 threats: 2 cost: 11
move: 7 threats: 2 cost: 11
move: 8 threats: 1 cost: 10
move: 7 threats: 2 cost: 11
move: 7 threats: 2 cost: 11
move: 7 threats: 2 cost: 11
move: 5 threats: 3 cost: 11
move: 5 threats: 3 cost: 11
move: 5 threats: 3 cost: 11
move: 6 threats: 2 cost: 10
move: 5 threats: 3 cost: 11
move: 5 threats: 3 cost: 11
move: 7 threats: 2 cost: 11
move: 7 threats: 2 cost: 11
move: 7 threats: 2 cost: 11
move: 7 threats: 2 cost: 11
move: 8 threats: 1 cost: 10
move: 7 threats: 2 cost: 11
move: 7 threats: 2 cost: 11
move: 7 threats: 2 cost: 11
move: 5 threats: 3 cost: 11
move: 5 threats: 3 cost: 11
move: 6 threats: 2 cost: 10
move: 7 threats: 1 cost: 9
move: 5 threats: 3 cost: 11
move: 5 threats: 3 cost: 11
move: 5 threats: 3 cost: 11
move: 5 threats: 3 cost: 11
move: 5 threats: 3 cost: 11
move: 5 threats: 3 cost: 11
move: 5 threats: 3 cost: 11
move: 5 threats: 3 cost: 11
move: 5 threats: 3 cost: 11
move: 6 threats: 2 cost: 10
move: 5 threats: 3 cost: 11
move: 5 threats: 3 cost: 11
move: 7 threats: 2 cost: 11
move: 7 threats: 2 cost: 11
move: 7 threats: 2 cost: 11
move: 7 threats: 2 cost: 11
move: 8 threats: 1 cost: 10
move: 8 threats: 1 cost: 10
move: 7 threats: 2 cost: 11
move: 7 threats: 2 cost: 11
move: 7 threats: 2 cost: 11
move: 7 threats: 2 cost: 11
move: 7 threats: 2 cost: 11
move: 7 threats: 2 cost: 11
move: 7 threats: 2 cost: 11
move: 7 threats: 2 cost: 11
move: 7 threats: 2 cost: 11
move: 5 threats: 3 cost: 11
move: 5 threats: 3 cost: 11
move: 5 threats: 3 cost: 11
move: 5 threats: 3 cost: 11
move: 5 threats: 3 cost: 11
move: 5 threats: 3 cost: 11
move: 5 threats: 3 cost: 11
move: 5 threats: 3 cost: 11
move: 5 threats: 3 cost: 11
move: 5 threats: 3 cost: 11
move: 5 threats: 3 cost: 11
move: 5 threats: 3 cost: 11
move: 5 threats: 3 cost: 11
move: 5 threats: 3 cost: 11
move: 5 threats: 3 cost: 11
move: 6 threats: 2 cost: 10
move: 6 threats: 2 cost: 10
move: 5 threats: 3 cost: 11
move: 5 threats: 3 cost: 11
move: 5 threats: 3 cost: 11
move: 5 threats: 3 cost: 11
move: 5 threats: 3 cost: 11
move: 5 threats: 3 cost: 11
move: 5 threats: 3 cost: 11
move: 6 threats: 2 cost: 10
move: 6 threats: 2 cost: 10
move: 5 threats: 3 cost: 11
move: 5 threats: 3 cost: 11
move: 5 threats: 3 cost: 11
move: 5 threats: 3 cost: 11
move: 7 threats: 2 cost: 11
move: 7 threats: 2 cost: 11
move: 8 threats: 1 cost: 10
move: 7 threats: 2 cost: 11
move: 7 threats: 2 cost: 11
move: 7 threats: 2 cost: 11
move: 7 threats: 2 cost: 11
move: 7 threats: 2 cost: 11
move: 7 threats: 2 cost: 11
move: 7 threats: 2 cost: 11
move: 7 threats: 2 cost: 11
move: 7 threats: 2 cost: 11
move: 7 threats: 2 cost: 11
move: 7 threats: 2 cost: 11
move: 7 threats: 2 cost: 11
move: 7 threats: 2 cost: 11
move: 7 threats: 2 cost: 11
move: 7 threats: 2 cost: 11
move: 7 threats: 2 cost: 11
move: 7 threats: 2 cost: 11
move: 5 threats: 3 cost: 11
move: 5 threats: 3 cost: 11
move: 5 threats: 3 cost: 11
move: 5 threats: 3 cost: 11
move: 6 threats: 2 cost: 10
move: 5 threats: 3 cost: 11
move: 6 threats: 2 cost: 10
move: 7 threats: 1 cost: 9
move: 5 threats: 3 cost: 11
move: 5 threats: 3 cost: 11
move: 5 threats: 3 cost: 11
move: 5 threats: 3 cost: 11
move: 5 threats: 3 cost: 11
move: 5 threats: 3 cost: 11
move: 5 threats: 3 cost: 11
move: 5 threats: 3 cost: 11
move: 5 threats: 3 cost: 11
move: 5 threats: 3 cost: 11
move: 5 threats: 3 cost: 11
move: 5 threats: 3 cost: 11
move: 5 threats: 3 cost: 11
move: 5 threats: 3 cost: 11
move: 6 threats: 2 cost: 10
move: 5 threats: 3 cost: 11
move: 5 threats: 3 cost: 11
move: 5 threats: 3 cost: 11
move: 5 threats: 3 cost: 11
move: 5 threats: 3 cost: 11
move: 5 threats: 3 cost: 11
move: 5 threats: 3 cost: 11
move: 5 threats: 3 cost: 11
move: 5 threats: 3 cost: 11
move: 7 threats: 2 cost: 11
move: 7 threats: 2 cost: 11
move: 7 threats: 2 cost: 11
move: 7 threats: 2 cost: 11
move: 7 threats: 2 cost: 11
move: 7 threats: 2 cost: 11
move: 7 threats: 2 cost: 11
move: 7 threats: 2 cost: 11
move: 7 threats: 2 cost: 11
move: 7 threats: 2 cost: 11
move: 7 threats: 2 cost: 11
move: 7 threats: 2 cost: 11
move: 7 threats: 2 cost: 11
move: 7 threats: 2 cost: 11
move: 7 threats: 2 cost: 11
move: 7 threats: 2 cost: 11
move: 7 threats: 2 cost: 11
move: 7 threats: 2 cost: 11
move: 7 threats: 2 cost: 11
move: 7 threats: 2 cost: 11
move: 7 threats: 2 cost: 11
move: 7 threats: 2 cost: 11
move: 7 threats: 2 cost: 11
move: 7 threats: 2 cost: 11
move: 5 threats: 3 cost: 11
move: 5 threats: 3 cost: 11
move: 5 threats: 3 cost: 11
move: 5 threats: 3 cost: 11
move: 5 threats: 3 cost: 11
move: 5 threats: 3 cost: 11
move: 5 threats: 3 cost: 11
move: 5 threats: 3 cost: 11
move: 5 threats: 3 cost: 11
move: 5 threats: 3 cost: 11
move: 5 threats: 3 cost: 11
move: 5 threats: 3 cost: 11
move: 6 threats: 2 cost: 10
move: 7 threats: 1 cost: 9
move: 7 threats: 1 cost: 9
move: 8 threats: 1 cost: 10
move: 5 threats: 3 cost: 11
move: 5 threats: 3 cost: 11
move: 5 threats: 3 cost: 11
move: 5 threats: 3 cost: 11
move: 7 threats: 2 cost: 11
move: 7 threats: 2 cost: 11
move: 7 threats: 2 cost: 11
move: 8 threats: 1 cost: 10
move: 7 threats: 2 cost: 11
move: 7 threats: 2 cost: 11
move: 7 threats: 2 cost: 11
move: 7 threats: 2 cost: 11
move: 7 threats: 2 cost: 11
move: 7 threats: 2 cost: 11
move: 8 threats: 1 cost: 10
move: 7 threats: 2 cost: 11
move: 7 threats: 2 cost: 11
move: 8 threats: 1 cost: 10
move: 7 threats: 2 cost: 11
move: 7 threats: 2 cost: 11
move: 7 threats: 2 cost: 11
move: 7 threats: 2 cost: 11
move: 7 threats: 2 cost: 11
move: 7 threats: 2 cost: 11
move: 7 threats: 2 cost: 11
move: 7 threats: 2 cost: 11
move: 7 threats: 2 cost: 11
move: 7 threats: 2 cost: 11
move: 7 threats: 2 cost: 11
move: 7 threats: 2 cost: 11
move: 7 threats: 2 cost: 11
move: 7 threats: 2 cost: 11
move: 7 threats: 2 cost: 11
move: 7 threats: 2 cost: 11
move: 7 threats: 2 cost: 11
move: 7 threats: 2 cost: 11
move: 7 threats: 2 cost: 11
move: 7 threats: 2 cost: 11
move: 7 threats: 2 cost: 11
move: 7 threats: 2 cost: 11
move: 7 threats: 2 cost: 11
move: 7 threats: 2 cost: 11
move: 7 threats: 2 cost: 11
move: 7 threats: 2 cost: 11
move: 7 threats: 2 cost: 11
move: 7 threats: 2 cost: 11
move: 7 threats: 2 cost: 11
move: 7 threats: 2 cost: 11
move: 7 threats: 2 cost: 11
move: 7 threats: 2 cost: 11
move: 7 threats: 2 cost: 11
move: 7 threats: 2 cost: 11
move: 7 threats: 2 cost: 11
move: 7 threats: 2 cost: 11
move: 7 threats: 2 cost: 11
move: 7 threats: 2 cost: 11
move: 7 threats: 2 cost: 11
move: 7 threats: 2 cost: 11
move: 7 threats: 2 cost: 11
move: 7 threats: 2 cost: 11
move: 7 threats: 2 cost: 11
move: 7 threats: 2 cost: 11
move: 7 threats: 2 cost: 11
move: 7 threats: 2 cost: 11
move: 7 threats: 2 cost: 11
move: 7 threats: 2 cost: 11
move: 7 threats: 2 cost: 11
move: 7 threats: 2 cost: 11
move: 7 threats: 2 cost: 11
move: 7 threats: 2 cost: 11
move: 7 threats: 2 cost: 11
move: 7 threats: 2 cost: 11
move: 7 threats: 2 cost: 11
move: 7 threats: 2 cost: 11
move: 7 threats: 2 cost: 11
move: 7 threats: 2 cost: 11
move: 7 threats: 2 cost: 11
move: 7 threats: 2 cost: 11
move: 7 threats: 2 cost: 11
move: 7 threats: 2 cost: 11
move: 7 threats: 2 cost: 11
move: 7 threats: 2 cost: 11
move: 7 threats: 2 cost: 11
move: 7 threats: 2 cost: 11
move: 7 threats: 2 cost: 11
move: 7 threats: 2 cost: 11
move: 7 threats: 2 cost: 11
move: 7 threats: 2 cost: 11
move: 7 threats: 2 cost: 11
move: 7 threats: 2 cost: 11
move: 7 threats: 2 cost: 11
move: 7 threats: 2 cost: 11
move: 7 threats: 2 cost: 11
move: 7 threats: 2 cost: 11
move: 7 threats: 2 cost: 11
move: 7 threats: 2 cost: 11
move: 7 threats: 2 cost: 11
move: 7 threats: 2 cost: 11
move: 7 threats: 2 cost: 11
move: 7 threats: 2 cost: 11
move: 7 threats: 2 cost: 11
move: 7 threats: 2 cost: 11
move: 7 threats: 2 cost: 11
move: 7 threats: 2 cost: 11
move: 7 threats: 2 cost: 11
move: 7 threats: 2 cost: 11
move: 7 threats: 2 cost: 11
move: 7 threats: 2 cost: 11
move: 7 threats: 2 cost: 11
move: 7 threats: 2 cost: 11
move: 7 threats: 2 cost: 11
move: 8 threats: 1 cost: 10
move: 7 threats: 2 cost: 11
move: 7 threats: 2 cost: 11
move: 7 threats: 2 cost: 11
move: 7 threats: 2 cost: 11
move: 9 threats: 1 cost: 11
move: 9 threats: 1 cost: 11
move: 9 threats: 1 cost: 11
move: 9 threats: 1 cost: 11
move: 7 threats: 2 cost: 11
move: 7 threats: 2 cost: 11
move: 7 threats: 2 cost: 11
move: 7 threats: 2 cost: 11
move: 8 threats: 1 cost: 10
move: 7 threats: 2 cost: 11
move: 7 threats: 2 cost: 11
move: 7 threats: 2 cost: 11
move: 7 threats: 2 cost: 11
move: 7 threats: 2 cost: 11
move: 7 threats: 2 cost: 11
move: 7 threats: 2 cost: 11
move: 7 threats: 2 cost: 11
move: 7 threats: 2 cost: 11
move: 7 threats: 2 cost: 11
move: 7 threats: 2 cost: 11
move: 7 threats: 2 cost: 11
move: 7 threats: 2 cost: 11
move: 7 threats: 2 cost: 11
move: 7 threats: 2 cost: 11
move: 8 threats: 1 cost: 10
move: 7 threats: 2 cost: 11
move: 7 threats: 2 cost: 11
move: 7 threats: 2 cost: 11
move: 7 threats: 2 cost: 11
move: 7 threats: 2 cost: 11
move: 7 threats: 2 cost: 11
move: 7 threats: 2 cost: 11
move: 7 threats: 2 cost: 11
move: 7 threats: 2 cost: 11
move: 7 threats: 2 cost: 11
move: 7 threats: 2 cost: 11
move: 7 threats: 2 cost: 11
move: 7 threats: 2 cost: 11
move: 7 threats: 2 cost: 11
move: 9 threats: 1 cost: 11
move: 9 threats: 1 cost: 11
move: 9 threats: 1 cost: 11
move: 9 threats: 1 cost: 11
move: 9 threats: 1 cost: 11
move: 7 threats: 2 cost: 11
move: 7 threats: 2 cost: 11
move: 7 threats: 2 cost: 11
move: 7 threats: 2 cost: 11
move: 7 threats: 2 cost: 11
move: 7 threats: 2 cost: 11
move: 7 threats: 2 cost: 11
move: 7 threats: 2 cost: 11
move: 7 threats: 2 cost: 11
move: 8 threats: 1 cost: 10
move: 7 threats: 2 cost: 11
move: 7 threats: 2 cost: 11
move: 7 threats: 2 cost: 11
move: 7 threats: 2 cost: 11
move: 8 threats: 1 cost: 10
move: 7 threats: 2 cost: 11
move: 7 threats: 2 cost: 11
move: 7 threats: 2 cost: 11
move: 7 threats: 2 cost: 11
move: 7 threats: 2 cost: 11
move: 7 threats: 2 cost: 11
move: 7 threats: 2 cost: 11
move: 7 threats: 2 cost: 11
move: 7 threats: 2 cost: 11
move: 7 threats: 2 cost: 11
move: 7 threats: 2 cost: 11
move: 7 threats: 2 cost: 11
move: 7 threats: 2 cost: 11
move: 7 threats: 2 cost: 11
move: 9 threats: 1 cost: 11
---- Found ----
O O O O X O O O
X O O O O O O O
O O O O O O O X
O O O O O X O O
O O X O O O O O
O O O O O O X O
O X O O O O O O
O O O X O O O O
--- Changes ---
( 0 , 0 )
( 1 , 1 )
( -1 , 0 )
( 1 , -1 )
( 1 , -1 )
( 0 , -1 )
( 0 , -1 )
( -1 , 1 )
duration: 2.140644
